<?xml version="1.0" encoding="UTF-8"?>
<!-- Generated by org.testng.reporters.JUnitReportReporter -->
<testsuite hostname="YasirMunir-G5" failures="0" tests="1" name="com.qa.tests.DemoTest" time="6.357" errors="0" timestamp="2021-04-16T21:23:05 PKT" skipped="0">
  <testcase classname="com.qa.tests.DemoTest" name="LaunchBrowser" time="6.357"/>
  <system-out/>
</testsuite> <!-- com.qa.tests.DemoTest -->
