<?xml version="1.0" encoding="UTF-8"?>
<!-- Generated by org.testng.reporters.JUnitReportReporter -->
<testsuite hostname="YasirMunir-G5" failures="0" tests="1" name="TestProject.TestProject.AppTest" time="0.005" errors="0" timestamp="2021-04-16T20:52:41 PKT" skipped="0">
  <testcase classname="TestProject.TestProject.AppTest" name="shouldAnswerWithTrue" time="0.005"/>
  <system-out/>
</testsuite> <!-- TestProject.TestProject.AppTest -->
